#
# There is insufficient memory for the Java Runtime Environment to continue.
# Native memory allocation (mmap) failed to map 1073741824 bytes for G1 virtual space
# Possible reasons:
#   The system is out of physical RAM or swap space
#   The process is running with CompressedOops enabled, and the Java Heap may be blocking the growth of the native heap
# Possible solutions:
#   Reduce memory load on the system
#   Increase physical memory or swap space
#   Check if swap backing store is full
#   Decrease Java heap size (-Xmx/-Xms)
#   Decrease number of Java threads
#   Decrease Java thread stack sizes (-Xss)
#   Set larger code cache with -XX:ReservedCodeCacheSize=
#   JVM is running with Zero Based Compressed Oops mode in which the Java heap is
#     placed in the first 32GB address space. The Java Heap base address is the
#     maximum limit for the native heap growth. Please use -XX:HeapBaseMinAddress
#     to set the Java Heap base and to place the Java Heap above 32GB virtual address.
# This output file may be truncated or incomplete.
#
#  Out of Memory Error (os_windows.cpp:3600), pid=4548, tid=6420
#
# JRE version:  (21.0.2+14) (build )
# Java VM: OpenJDK 64-Bit Server VM (21.0.2+14-LTS, mixed mode, sharing, tiered, compressed oops, compressed class ptrs, g1 gc, windows-amd64)
# No core dump will be written. Minidumps are not enabled by default on client versions of Windows
#

---------------  S U M M A R Y ------------

Command Line: -Djpackage.app-version=5.13.60000 -Djpackage.app-path=C:\Program Files\JabRef\JabRef.exe -Djdk.module.main=org.jabref org.jabref/org.jabref.Launcher D:\OneDrive - City University of Hong Kong\Github\LIHongzong.github.io\_bibliography\papers.bib

Host: Intel(R) Core(TM) i7-9700K CPU @ 3.60GHz, 8 cores, 63G,  Windows 10 , 64 bit Build 19041 (10.0.19041.3636)
Time: Tue May 14 14:03:37 2024 China Standard Time elapsed time: 0.025617 seconds (0d 0h 0m 0s)

---------------  T H R E A D  ---------------

Current thread (0x000002204ba7d640):  JavaThread "Unknown thread" [_thread_in_vm, id=6420, stack(0x0000004dba100000,0x0000004dba200000) (1024K)]

Stack: [0x0000004dba100000,0x0000004dba200000]
Native frames: (J=compiled Java code, j=interpreted, Vv=VM code, C=native code)
V  [jvm.dll+0x6d0ad9]
V  [jvm.dll+0x8abcb1]
V  [jvm.dll+0x8ae01e]
V  [jvm.dll+0x8ae703]
V  [jvm.dll+0x284316]
V  [jvm.dll+0x6cd1c5]
V  [jvm.dll+0x6c1bba]
V  [jvm.dll+0x35984a]
V  [jvm.dll+0x361426]
V  [jvm.dll+0x3b22ee]
V  [jvm.dll+0x3b2598]
V  [jvm.dll+0x32d1ec]
V  [jvm.dll+0x32dd7b]
V  [jvm.dll+0x874099]
V  [jvm.dll+0x3bf671]
V  [jvm.dll+0x85c928]
V  [jvm.dll+0x4534ce]
V  [jvm.dll+0x454fa1]
C  [jli.dll+0x52a3]
C  [ucrtbase.dll+0x21bb2]
C  [KERNEL32.DLL+0x17344]
C  [ntdll.dll+0x526b1]


---------------  P R O C E S S  ---------------

Threads class SMR info:
_java_thread_list=0x00007ffd35358b30, length=0, elements={
}

Java Threads: ( => current thread )
Total: 0

Other Threads:
  0x000002207ac23f90 WorkerThread "GC Thread#0"                     [id=32876, stack(0x0000004dba200000,0x0000004dba300000) (1024K)]
  0x000002204bb1cb70 ConcurrentGCThread "G1 Main Marker"            [id=14816, stack(0x0000004dba300000,0x0000004dba400000) (1024K)]
  0x000002204bb1d580 WorkerThread "G1 Conc#0"                       [id=28584, stack(0x0000004dba400000,0x0000004dba500000) (1024K)]

[error occurred during error reporting (printing all threads), id 0xc0000005, EXCEPTION_ACCESS_VIOLATION (0xc0000005) at pc=0x00007ffd34a50327]
VM state: not at safepoint (not fully initialized)

VM Mutex/Monitor currently owned by a thread:  ([mutex/lock_event])
[0x00007ffd353ce2a8] Heap_lock - owner thread: 0x000002204ba7d640

Heap address: 0x0000000401000000, size: 16368 MB, Compressed Oops mode: Zero based, Oop shift amount: 3

CDS archive(s) mapped at: [0x0000000000000000-0x0000000000000000-0x0000000000000000), size 0, SharedBaseAddress: 0x0000000800000000, ArchiveRelocationMode: 1.
Narrow klass base: 0x0000000000000000, Narrow klass shift: 0, Narrow klass range: 0x0

GC Precious Log:
 CardTable entry size: 512
 Card Set container configuration: InlinePtr #cards 4 size 8 Array Of Cards #cards 64 size 144 Howl #buckets 8 coarsen threshold 14745 Howl Bitmap #cards 2048 size 272 coarsen threshold 1843 Card regions per heap region 1 cards per card region 16384

Heap:
 garbage-first heap   total 0K, used 0K [0x0000000401000000, 0x0000000800000000)
  region size 8192K, 0 young (0K), 0 survivors (0K)

[error occurred during error reporting (printing heap information), id 0xc0000005, EXCEPTION_ACCESS_VIOLATION (0xc0000005) at pc=0x00007ffd34e39829]
GC Heap History (0 events):
No events

Dll operation events (1 events):
Event: 0.003 Loaded shared library C:\Program Files\JabRef\runtime\bin\java.dll

Deoptimization events (0 events):
No events

Classes loaded (0 events):
No events

Classes unloaded (0 events):
No events

Classes redefined (0 events):
No events

Internal exceptions (0 events):
No events

ZGC Phase Switch (0 events):
No events

VM Operations (0 events):
No events

Events (0 events):
No events


Dynamic libraries:
0x00007ff767d80000 - 0x00007ff767e10000 	C:\Program Files\JabRef\JabRef.exe
0x00007ffe0d0b0000 - 0x00007ffe0d2a8000 	C:\WINDOWS\SYSTEM32\ntdll.dll
0x00007ffe0ce80000 - 0x00007ffe0cf3d000 	C:\WINDOWS\System32\KERNEL32.DLL
0x00007ffe0a760000 - 0x00007ffe0aa56000 	C:\WINDOWS\System32\KERNELBASE.dll
0x00007ffe01ca0000 - 0x00007ffe01d30000 	C:\WINDOWS\SYSTEM32\apphelp.dll
0x00007ffe0cb10000 - 0x00007ffe0ccaf000 	C:\WINDOWS\System32\USER32.dll
0x00007ffe0ad30000 - 0x00007ffe0ad52000 	C:\WINDOWS\System32\win32u.dll
0x00007ffe0cae0000 - 0x00007ffe0cb0b000 	C:\WINDOWS\System32\GDI32.dll
0x00007ffe0afc0000 - 0x00007ffe0b0d7000 	C:\WINDOWS\System32\gdi32full.dll
0x00007ffe0af20000 - 0x00007ffe0afbd000 	C:\WINDOWS\System32\msvcp_win.dll
0x00007ffe0adf0000 - 0x00007ffe0aef0000 	C:\WINDOWS\System32\ucrtbase.dll
0x00007ffe0b270000 - 0x00007ffe0b9db000 	C:\WINDOWS\System32\SHELL32.dll
0x00007ffe0c250000 - 0x00007ffe0c282000 	C:\WINDOWS\System32\IMM32.DLL
0x00007ffe0c290000 - 0x00007ffe0c33d000 	C:\WINDOWS\System32\shcore.dll
0x00007ffe0c040000 - 0x00007ffe0c0de000 	C:\WINDOWS\System32\msvcrt.dll
0x00007ffe0c500000 - 0x00007ffe0c853000 	C:\WINDOWS\System32\combase.dll
0x00007ffe0b0e0000 - 0x00007ffe0b203000 	C:\WINDOWS\System32\RPCRT4.dll
0x00007ffdfb560000 - 0x00007ffdfb578000 	C:\Program Files\JabRef\runtime\bin\jli.dll
0x00007ffe01970000 - 0x00007ffe01c0a000 	C:\WINDOWS\WinSxS\amd64_microsoft.windows.common-controls_6595b64144ccf1df_6.0.19041.3636_none_60b6a03d71f818d5\COMCTL32.dll
0x00007ffdf8310000 - 0x00007ffdf832b000 	C:\Program Files\JabRef\runtime\bin\VCRUNTIME140.dll
0x00007ffe00610000 - 0x00007ffe0061c000 	C:\Program Files\JabRef\runtime\bin\vcruntime140_1.dll
0x00007ffddd6f0000 - 0x00007ffddd77e000 	C:\Program Files\JabRef\runtime\bin\msvcp140.dll
0x00007ffd34710000 - 0x00007ffd354af000 	C:\Program Files\JabRef\runtime\bin\server\jvm.dll
0x00007ffe0cdd0000 - 0x00007ffe0ce80000 	C:\WINDOWS\System32\ADVAPI32.dll
0x00007ffe0cf40000 - 0x00007ffe0cfe0000 	C:\WINDOWS\System32\sechost.dll
0x00007ffe0aef0000 - 0x00007ffe0af17000 	C:\WINDOWS\System32\bcrypt.dll
0x00007ffe0c860000 - 0x00007ffe0c8cb000 	C:\WINDOWS\System32\WS2_32.dll
0x00007ffe00660000 - 0x00007ffe00687000 	C:\WINDOWS\SYSTEM32\WINMM.dll
0x00007ffe05fb0000 - 0x00007ffe05fba000 	C:\WINDOWS\SYSTEM32\VERSION.dll
0x00007ffe09ca0000 - 0x00007ffe09ceb000 	C:\WINDOWS\SYSTEM32\POWRPROF.dll
0x00007ffe09b60000 - 0x00007ffe09b72000 	C:\WINDOWS\SYSTEM32\UMPDC.dll
0x00007ffe08350000 - 0x00007ffe08362000 	C:\WINDOWS\SYSTEM32\kernel.appcore.dll
0x00007ffdfe150000 - 0x00007ffdfe15a000 	C:\Program Files\JabRef\runtime\bin\jimage.dll
0x00007ffe008a0000 - 0x00007ffe00a84000 	C:\WINDOWS\SYSTEM32\DBGHELP.DLL
0x00007ffdfff80000 - 0x00007ffdfffb4000 	C:\WINDOWS\SYSTEM32\dbgcore.DLL
0x00007ffe0ad60000 - 0x00007ffe0ade2000 	C:\WINDOWS\System32\bcryptPrimitives.dll
0x00007ffdf3810000 - 0x00007ffdf382f000 	C:\Program Files\JabRef\runtime\bin\java.dll

dbghelp: loaded successfully - version: 4.0.5 - missing functions: none
symbol engine: initialized successfully - sym options: 0x614 - pdb path: .;C:\Program Files\JabRef;C:\WINDOWS\SYSTEM32;C:\Program Files\JabRef\runtime\bin;C:\WINDOWS\WinSxS\amd64_microsoft.windows.common-controls_6595b64144ccf1df_6.0.19041.3636_none_60b6a03d71f818d5;C:\Program Files\JabRef\runtime\bin\server

VM Arguments:
jvm_args: -Djpackage.app-version=5.13.60000 -Djpackage.app-path=C:\Program Files\JabRef\JabRef.exe -Djdk.module.main=org.jabref 
java_command: org.jabref/org.jabref.Launcher D:\OneDrive - City University of Hong Kong\Github\LIHongzong.github.io\_bibliography\papers.bib
java_class_path (initial): <not set>
Launcher Type: SUN_STANDARD

[Global flags]
     intx CICompilerCount                          = 4                                         {product} {ergonomic}
     uint ConcGCThreads                            = 2                                         {product} {ergonomic}
     uint G1ConcRefinementThreads                  = 8                                         {product} {ergonomic}
   size_t G1HeapRegionSize                         = 8388608                                   {product} {ergonomic}
    uintx GCDrainStackTargetSize                   = 64                                        {product} {ergonomic}
   size_t InitialHeapSize                          = 1073741824                                {product} {ergonomic}
   size_t MarkStackSize                            = 4194304                                   {product} {ergonomic}
   size_t MaxHeapSize                              = 17163091968                               {product} {ergonomic}
   size_t MinHeapDeltaBytes                        = 8388608                                   {product} {ergonomic}
   size_t MinHeapSize                              = 8388608                                   {product} {ergonomic}
    uintx NonNMethodCodeHeapSize                   = 5839372                                {pd product} {ergonomic}
    uintx NonProfiledCodeHeapSize                  = 122909434                              {pd product} {ergonomic}
    uintx ProfiledCodeHeapSize                     = 122909434                              {pd product} {ergonomic}
    uintx ReservedCodeCacheSize                    = 251658240                              {pd product} {ergonomic}
     bool SegmentedCodeCache                       = true                                      {product} {ergonomic}
   size_t SoftMaxHeapSize                          = 17163091968                            {manageable} {ergonomic}
     bool UseCompressedOops                        = true                           {product lp64_product} {ergonomic}
     bool UseG1GC                                  = true                                      {product} {ergonomic}
     bool UseLargePagesIndividualAllocation        = false                                  {pd product} {ergonomic}

Logging:
Log output configuration:
 #0: stdout all=warning uptime,level,tags foldmultilines=false
 #1: stderr all=off uptime,level,tags foldmultilines=false

Environment Variables:
PATH=C:\Program Files (x86)\Common Files\Oracle\Java\javapath;D:\CPLEX\opl\bin\x64_win64;D:\CPLEX\opl\oplide\;D:\CPLEX\cplex\bin\x64_win64;D:\CPLEX\cpoptimizer\bin\x64_win64;C:\Program Files\NVIDIA GPU Computing Toolkit\CUDA\v10.2\bin;C:\Program Files\NVIDIA GPU Computing Toolkit\CUDA\v10.2\libnvvp;C:\Program Files\IBM\ILOG\CPLEX_Studio128\opl\bin\x64_win64;C:\Program Files\IBM\ILOG\CPLEX_Studio128\opl\oplide\;C:\Program Files\IBM\ILOG\CPLEX_Studio128\cplex\bin\x64_win64;C:\Program Files\IBM\ILOG\CPLEX_Studio128\cpoptimizer\bin\x64_win64;C:\Program Files\IBM\ILOG\CPLEX_Studio201\opl\bin\x64_win64;C:\Program Files\IBM\ILOG\CPLEX_Studio201\opl\oplide\;C:\Program Files\IBM\ILOG\CPLEX_Studio201\cplex\bin\x64_win64;C:\Program Files\IBM\ILOG\CPLEX_Studio201\cpoptimizer\bin\x64_win64;C:\gurobi912\win64\bin;C:\Program Files (x86)\Intel\Intel(R) Management Engine Components\iCLS\;C:\Program Files\Intel\Intel(R) Management Engine Components\iCLS\;C:\Windows\system32;C:\Windows;C:\Windows\System32\Wbem;C:\Windows\System32\WindowsPowerShell\v1.0\;C:\Program Files (x86)\Intel\Intel(R) Management Engine Components\DAL;C:\Program Files\Intel\Intel(R) Management Engine Components\DAL;C:\Program Files (x86)\Intel\Intel(R) Management Engine Components\IPT;C:\Program Files\Intel\Intel(R) Management Engine Components\IPT;C:\Program Files (x86)\NVIDIA Corporation\PhysX\Common;C:\WINDOWS\system32;C:\WINDOWS;C:\WINDOWS\System32\Wbem;C:\WINDOWS\System32\WindowsPowerShell\v1.0\;C:\WINDOWS\System32\OpenSSH\;C:\Program Files\CMake\bin;C:\Program Files\MATLAB\R2020b\bin;C:\Program Files\MATLAB\R2017b\bin;C:\Program Files\NVIDIA Corporation\NVIDIA NvDLISR;C:\Program Files\NVIDIA Corporation\Nsight Compute 2019.5.0\;C:\Program Files (x86)\Wolfram Research\WolframScript\;C:\Users\hongzli2\AppData\Local\Programs\Julia-1.7.2\bin;D:\Software\Git\cmd;C:\Strawberry\c\bin;C:\Strawberry\perl\site\bin;C:\Strawberry\perl\bin;C:\Program Files\dotnet\;D:\Software\Ruby32-x64\bin;C:\Users\hongzli2\AppData\Local\Microsoft\WindowsApps;C:\texlive\2021\bin\win32;C:\ProgramData\Anaconda3\Library\bin;C:\ProgramData\Anaconda3\Scripts;C:\ProgramData\Anaconda3;C:\Users\research\AppData\Local\GitHubDesktop\bin;C:\Users\hongzli2\AppData\Local\Programs\Microsoft VS Code\bin;C:\Users\hongzli2\.dotnet\tools;C:\Program Files\JabRef\app
USERNAME=hongzli2
OS=Windows_NT
PROCESSOR_IDENTIFIER=Intel64 Family 6 Model 158 Stepping 12, GenuineIntel
TMP=C:\Users\hongzli2\AppData\Local\Temp
TEMP=C:\Users\hongzli2\AppData\Local\Temp




Periodic native trim disabled

---------------  S Y S T E M  ---------------

OS:
 Windows 10 , 64 bit Build 19041 (10.0.19041.3636)
OS uptime: 11 days 2:53 hours

CPU: total 8 (initial active 8) (8 cores per cpu, 1 threads per core) family 6 model 158 stepping 12 microcode 0xae, cx8, cmov, fxsr, mmx, 3dnowpref, sse, sse2, sse3, ssse3, sse4.1, sse4.2, popcnt, lzcnt, tsc, tscinvbit, avx, avx2, aes, erms, clmul, bmi1, bmi2, rtm, adx, fma, vzeroupper, clflush, clflushopt, rdtscp, f16c
Processor Information for all 8 processors :
  Max Mhz: 3600, Current Mhz: 3600, Mhz Limit: 3600

Memory: 4k page, system-wide physical 65455M (41605M free)
TotalPageFile size 124995M (AvailPageFile size 718M)
current process WorkingSet (physical memory assigned to process): 12M, peak: 12M
current process commit charge ("private bytes"): 61M, peak: 1085M

vm_info: OpenJDK 64-Bit Server VM (21.0.2+14-LTS) for windows-amd64 JRE (21.0.2+14-LTS), built on 2024-01-16T21:02:53Z by "hudson" with MS VC++ 17.1 (VS2022)

END.
